This file contains any messages produced by compilers while
running configure, to aid debugging if configure makes a mistake.

It was created by configure, which was
generated by GNU Autoconf 2.61.  Invocation command line was

  $ ./configure --with-cgi-gid=apache

## --------- ##
## Platform. ##
## --------- ##

hostname = ssg-test.nws.oregonstate.edu
uname -m = x86_64
uname -r = 2.6.32-431.11.2.el6.x86_64
uname -s = Linux
uname -v = #1 SMP Tue Mar 25 19:59:55 UTC 2014

/usr/bin/uname -p = unknown
/bin/uname -X     = unknown

/bin/arch              = x86_64
/usr/bin/arch -k       = unknown
/usr/convex/getsysinfo = unknown
/usr/bin/hostinfo      = unknown
/bin/machine           = unknown
/usr/bin/oslevel       = unknown
/bin/universe          = unknown

PATH: /sbin
PATH: /bin
PATH: /usr/sbin
PATH: /usr/bin


## ----------- ##
## Core tests. ##
## ----------- ##

configure:1714: checking for --with-python
configure:1726: result: no
configure:1733: checking for python
configure:1751: found /usr/bin/python
configure:1764: result: /usr/bin/python
configure:1774: checking Python interpreter
configure:1792: result: /usr/bin/python
configure:1796: checking Python version
configure:1829: result: 2.6.6
configure:1833: checking Python's email package
configure:1866: result: ok
configure:1872: checking that Python has a working distutils
configure:1921: result: yes
configure:1969: checking for a BSD-compatible install
configure:2025: result: /usr/bin/install -c
configure:2036: checking whether make sets $(MAKE)
configure:2057: result: yes
configure:2068: checking for true
configure:2087: found /bin/true
configure:2100: result: /bin/true
configure:2110: checking for --without-gcc
configure:2128: result: no
configure:2189: checking for gcc
configure:2205: found /usr/bin/gcc
configure:2216: result: gcc
configure:2454: checking for C compiler version
configure:2461: gcc --version >&5
gcc (GCC) 4.4.7 20120313 (Red Hat 4.4.7-4)
Copyright (C) 2010 Free Software Foundation, Inc.
This is free software; see the source for copying conditions.  There is NO
warranty; not even for MERCHANTABILITY or FITNESS FOR A PARTICULAR PURPOSE.

configure:2464: $? = 0
configure:2471: gcc -v >&5
Using built-in specs.
Target: x86_64-redhat-linux
Configured with: ../configure --prefix=/usr --mandir=/usr/share/man --infodir=/usr/share/info --with-bugurl=http://bugzilla.redhat.com/bugzilla --enable-bootstrap --enable-shared --enable-threads=posix --enable-checking=release --with-system-zlib --enable-__cxa_atexit --disable-libunwind-exceptions --enable-gnu-unique-object --enable-languages=c,c++,objc,obj-c++,java,fortran,ada --enable-java-awt=gtk --disable-dssi --with-java-home=/usr/lib/jvm/java-1.5.0-gcj-1.5.0.0/jre --enable-libgcj-multifile --enable-java-maintainer-mode --with-ecj-jar=/usr/share/java/eclipse-ecj.jar --disable-libjava-multilib --with-ppl --with-cloog --with-tune=generic --with-arch_32=i686 --build=x86_64-redhat-linux
Thread model: posix
gcc version 4.4.7 20120313 (Red Hat 4.4.7-4) (GCC) 
configure:2474: $? = 0
configure:2481: gcc -V >&5
gcc: '-V' option must have argument
configure:2484: $? = 1
configure:2507: checking for C compiler default output file name
configure:2534: gcc    conftest.c  >&5
configure:2537: $? = 0
configure:2575: result: a.out
configure:2592: checking whether the C compiler works
configure:2602: ./a.out
configure:2605: $? = 0
configure:2622: result: yes
configure:2629: checking whether we are cross compiling
configure:2631: result: no
configure:2634: checking for suffix of executables
configure:2641: gcc -o conftest    conftest.c  >&5
configure:2644: $? = 0
configure:2668: result: 
configure:2674: checking for suffix of object files
configure:2700: gcc -c   conftest.c >&5
configure:2703: $? = 0
configure:2726: result: o
configure:2730: checking whether we are using the GNU C compiler
configure:2759: gcc -c   conftest.c >&5
configure:2765: $? = 0
configure:2782: result: yes
configure:2787: checking whether gcc accepts -g
configure:2817: gcc -c -g  conftest.c >&5
configure:2823: $? = 0
configure:2922: result: yes
configure:2939: checking for gcc option to accept ISO C89
configure:3013: gcc  -c -g -O2  conftest.c >&5
configure:3019: $? = 0
configure:3042: result: none needed
configure:3078: checking whether #! works in shell scripts
configure:3095: result: yes
configure:3116: checking for --with-var-prefix
configure:3129: result: no
configure:3132: checking for --with-permcheck
configure:3144: result: yes
configure:3165: checking for --with-username
configure:3179: result: mailman
configure:3184: checking for user name "mailman"
configure:3232: result: okay
configure:3237: checking for --with-groupname
configure:3251: result: mailman
configure:3257: checking for group name "mailman"
configure:3305: result: okay
configure:3309: checking permissions on /usr/local/mailman
configure:3355: error:
***** Installation directory /usr/local/mailman is not configured properly!
***** Set-gid bit must be set for directory: /usr/local/mailman
***** Permissions should be at least 02775: /usr/local/mailman

## ---------------- ##
## Cache variables. ##
## ---------------- ##

ac_cv_c_compiler_gnu=yes
ac_cv_env_CC_set=
ac_cv_env_CC_value=
ac_cv_env_CFLAGS_set=
ac_cv_env_CFLAGS_value=
ac_cv_env_CPPFLAGS_set=
ac_cv_env_CPPFLAGS_value=
ac_cv_env_CPP_set=
ac_cv_env_CPP_value=
ac_cv_env_LDFLAGS_set=
ac_cv_env_LDFLAGS_value=
ac_cv_env_LIBS_set=
ac_cv_env_LIBS_value=
ac_cv_env_build_alias_set=
ac_cv_env_build_alias_value=
ac_cv_env_host_alias_set=
ac_cv_env_host_alias_value=
ac_cv_env_target_alias_set=
ac_cv_env_target_alias_value=
ac_cv_objext=o
ac_cv_path_TRUE=/bin/true
ac_cv_path_install='/usr/bin/install -c'
ac_cv_path_with_python=/usr/bin/python
ac_cv_prog_ac_ct_CC=gcc
ac_cv_prog_cc_c89=
ac_cv_prog_cc_g=yes
ac_cv_prog_make_make_set=yes
ac_cv_sys_interpreter=yes

## ----------------- ##
## Output variables. ##
## ----------------- ##

CC='gcc'
CFLAGS='-g -O2'
CGIEXT=''
CGI_GROUP=''
CPP=''
CPPFLAGS=''
DEFS=''
ECHO_C=''
ECHO_N='-n'
ECHO_T=''
EGREP=''
EMAILPKG=''
EXEEXT=''
GREP=''
INSTALL_DATA='${INSTALL} -m 644'
INSTALL_PROGRAM='${INSTALL}'
INSTALL_SCRIPT='${INSTALL}'
LDFLAGS=''
LIBOBJS=''
LIBS=''
LTLIBOBJS=''
MAILHOST=''
MAILMAN_GROUP='mailman'
MAILMAN_USER='mailman'
MAIL_GROUP=''
OBJEXT='o'
OPT='-g -O2'
PACKAGE_BUGREPORT=''
PACKAGE_NAME=''
PACKAGE_STRING=''
PACKAGE_TARNAME=''
PACKAGE_VERSION=''
PATH_SEPARATOR=':'
PYTHON='/usr/bin/python'
SCRIPTS=''
SET_MAKE=''
SHELL='/bin/sh'
TRUE='/bin/true'
URLHOST=''
VAR_PREFIX='/usr/local/mailman'
ac_ct_CC='gcc'
bindir='${exec_prefix}/bin'
build_alias=''
datadir='${datarootdir}'
datarootdir='${prefix}/share'
docdir='${datarootdir}/doc/${PACKAGE}'
dvidir='${docdir}'
exec_prefix='NONE'
host_alias=''
htmldir='${docdir}'
includedir='${prefix}/include'
infodir='${datarootdir}/info'
libdir='${exec_prefix}/lib'
libexecdir='${exec_prefix}/libexec'
localedir='${datarootdir}/locale'
localstatedir='${prefix}/var'
mandir='${datarootdir}/man'
oldincludedir='/usr/include'
pdfdir='${docdir}'
prefix='NONE'
program_transform_name='s,x,x,'
psdir='${docdir}'
sbindir='${exec_prefix}/sbin'
sharedstatedir='${prefix}/com'
sysconfdir='${prefix}/etc'
target_alias=''
with_python='/usr/bin/python'

## ----------- ##
## confdefs.h. ##
## ----------- ##

#define PACKAGE_NAME ""
#define PACKAGE_TARNAME ""
#define PACKAGE_VERSION ""
#define PACKAGE_STRING ""
#define PACKAGE_BUGREPORT ""

configure: exit 1
